[09:12:39] [Server thread/INFO]: Loading properties
[09:12:39] [Server thread/INFO]: Default game type: SURVIVAL
[09:12:40] [Server thread/INFO]: This server is running CraftBukkit version git-Spigot-2086bb0-8cc5a7e (MC: 1.12.2) (Implementing API version 1.12.2-R0.1-SNAPSHOT)
[09:12:40] [Server thread/INFO]: Debug logging is disabled
[09:12:40] [Server thread/INFO]: Using 4 threads for Netty based IO
[09:12:40] [Server thread/INFO]: Server Ping Player Sample Count: 12
[09:12:40] [Server thread/INFO]: Generating keypair
[09:12:40] [Server thread/INFO]: Starting Minecraft server on *:25565
[09:12:40] [Server thread/INFO]: Using default channel type
[09:12:42] [Server thread/ERROR]: Ambiguous plugin name `EssentialsChat' for files `plugins\EssentialsChat-2.x-SNAPSHOT (6).jar' and `plugins\EssentialsChat-2.x-SNAPSHOT (5).jar' in `plugins'
[09:12:42] [Server thread/INFO]: Set PluginClassLoader as parallel capable
[09:12:42] [Server thread/ERROR]: Could not load 'plugins\AreaShop.jar' in folder 'plugins'
org.bukkit.plugin.UnknownDependencyException: Vault
	at org.bukkit.plugin.SimplePluginManager.loadPlugins(SimplePluginManager.java:216) [spigot.jar:git-Spigot-2086bb0-8cc5a7e]
	at org.bukkit.craftbukkit.v1_12_R1.CraftServer.loadPlugins(CraftServer.java:305) [spigot.jar:git-Spigot-2086bb0-8cc5a7e]
	at net.minecraft.server.v1_12_R1.DedicatedServer.init(DedicatedServer.java:205) [spigot.jar:git-Spigot-2086bb0-8cc5a7e]
	at net.minecraft.server.v1_12_R1.MinecraftServer.run(MinecraftServer.java:545) [spigot.jar:git-Spigot-2086bb0-8cc5a7e]
	at java.lang.Thread.run(Unknown Source) [?:1.8.0_171]
[09:12:44] [Server thread/WARN]: [Server thread] INFO github.scarsz.discordsrv.dependencies.reflections.Reflections - Reflections took 911 ms to scan 14 urls, producing 13 keys and 21 values 
[09:12:44] [Server thread/INFO]: [CoreProtect] Loading CoreProtect v2.14.2
[09:12:44] [Server thread/INFO]: [PermissionsEx] Loading PermissionsEx v1.23.4
[09:12:44] [Server thread/INFO]: [WorldEdit] Loading WorldEdit v6.1.8-SNAPSHOT;cd4729f
[09:12:44] [Server thread/INFO]: [AdminUtils] Loading AdminUtils v1.4
[09:12:44] [Server thread/INFO]: [Essentials] Loading Essentials vTeamCity
[09:12:44] [Server thread/INFO]: [EssentialsChat] Loading EssentialsChat vTeamCity
[09:12:44] [Server thread/INFO]: [Multiverse-Core] Loading Multiverse-Core v2.5.0-b727
[09:12:44] [Server thread/INFO]: [WorldGuard] Loading WorldGuard v6.2.1;84bc322
[09:12:44] [Server thread/INFO]: [DiscordSRV] Loading DiscordSRV v1.16.1
[09:12:44] [Server thread/INFO]: [HolographicDisplays] Loading HolographicDisplays v2.2.6
[09:12:44] [Server thread/INFO]: **** Beginning UUID conversion, this may take A LONG time ****
[09:12:44] [Server thread/INFO]: Preparing level "world"
[09:12:44] [Server thread/INFO]: -------- World Settings For [world] --------
[09:12:44] [Server thread/INFO]: Item Despawn Rate: 6000
[09:12:44] [Server thread/INFO]: Item Merge Radius: 2.5
[09:12:44] [Server thread/INFO]: Arrow Despawn Rate: 1200
[09:12:44] [Server thread/INFO]: Allow Zombie Pigmen to spawn from portal blocks: true
[09:12:44] [Server thread/INFO]: Experience Merge Radius: 3.0
[09:12:44] [Server thread/INFO]: Nerfing mobs spawned from spawners: false
[09:12:44] [Server thread/INFO]: Mob Spawn Range: 4
[09:12:44] [Server thread/INFO]: Entity Activation Range: An 32 / Mo 32 / Mi 16 / Tiv true
[09:12:44] [Server thread/INFO]: Hopper Transfer: 8 Hopper Check: 1 Hopper Amount: 1
[09:12:44] [Server thread/INFO]: Structure Info Saving: true
[09:12:44] [Server thread/INFO]: Tile Max Tick Time: 50ms Entity max Tick Time: 50ms
[09:12:44] [Server thread/INFO]: Entity Tracking Range: Pl 48 / An 48 / Mo 48 / Mi 32 / Other 64
[09:12:44] [Server thread/INFO]: Max TNT Explosions: 100
[09:12:44] [Server thread/INFO]: Random Lighting Updates: false
[09:12:44] [Server thread/INFO]: Cactus Growth Modifier: 100%
[09:12:44] [Server thread/INFO]: Cane Growth Modifier: 100%
[09:12:44] [Server thread/INFO]: Melon Growth Modifier: 100%
[09:12:44] [Server thread/INFO]: Mushroom Growth Modifier: 100%
[09:12:44] [Server thread/INFO]: Pumpkin Growth Modifier: 100%
[09:12:44] [Server thread/INFO]: Sapling Growth Modifier: 100%
[09:12:44] [Server thread/INFO]: Wheat Growth Modifier: 100%
[09:12:44] [Server thread/INFO]: NetherWart Growth Modifier: 100%
[09:12:44] [Server thread/INFO]: Vine Growth Modifier: 100%
[09:12:44] [Server thread/INFO]: Cocoa Growth Modifier: 100%
[09:12:44] [Server thread/INFO]: Zombie Aggressive Towards Villager: true
[09:12:44] [Server thread/INFO]: View Distance: 10
[09:12:44] [Server thread/INFO]: Custom Map Seeds:  Village: 10387312 Feature: 14357617 Monument: 10387313 Slime: 987234911
[09:12:45] [Server thread/INFO]: -------- World Settings For [world_nether] --------
[09:12:45] [Server thread/INFO]: Item Despawn Rate: 6000
[09:12:45] [Server thread/INFO]: Item Merge Radius: 2.5
[09:12:45] [Server thread/INFO]: Arrow Despawn Rate: 1200
[09:12:45] [Server thread/INFO]: Allow Zombie Pigmen to spawn from portal blocks: true
[09:12:45] [Server thread/INFO]: Experience Merge Radius: 3.0
[09:12:45] [Server thread/INFO]: Nerfing mobs spawned from spawners: false
[09:12:45] [Server thread/INFO]: Mob Spawn Range: 4
[09:12:45] [Server thread/INFO]: Entity Activation Range: An 32 / Mo 32 / Mi 16 / Tiv true
[09:12:45] [Server thread/INFO]: Hopper Transfer: 8 Hopper Check: 1 Hopper Amount: 1
[09:12:45] [Server thread/INFO]: Structure Info Saving: true
[09:12:45] [Server thread/INFO]: Tile Max Tick Time: 50ms Entity max Tick Time: 50ms
[09:12:45] [Server thread/INFO]: Entity Tracking Range: Pl 48 / An 48 / Mo 48 / Mi 32 / Other 64
[09:12:45] [Server thread/INFO]: Max TNT Explosions: 100
[09:12:45] [Server thread/INFO]: Random Lighting Updates: false
[09:12:45] [Server thread/INFO]: Cactus Growth Modifier: 100%
[09:12:45] [Server thread/INFO]: Cane Growth Modifier: 100%
[09:12:45] [Server thread/INFO]: Melon Growth Modifier: 100%
[09:12:45] [Server thread/INFO]: Mushroom Growth Modifier: 100%
[09:12:45] [Server thread/INFO]: Pumpkin Growth Modifier: 100%
[09:12:45] [Server thread/INFO]: Sapling Growth Modifier: 100%
[09:12:45] [Server thread/INFO]: Wheat Growth Modifier: 100%
[09:12:45] [Server thread/INFO]: NetherWart Growth Modifier: 100%
[09:12:45] [Server thread/INFO]: Vine Growth Modifier: 100%
[09:12:45] [Server thread/INFO]: Cocoa Growth Modifier: 100%
[09:12:45] [Server thread/INFO]: Zombie Aggressive Towards Villager: true
[09:12:45] [Server thread/INFO]: View Distance: 10
[09:12:45] [Server thread/INFO]: Custom Map Seeds:  Village: 10387312 Feature: 14357617 Monument: 10387313 Slime: 987234911
[09:12:45] [Server thread/INFO]: -------- World Settings For [world_the_end] --------
[09:12:45] [Server thread/INFO]: Item Despawn Rate: 6000
[09:12:45] [Server thread/INFO]: Item Merge Radius: 2.5
[09:12:45] [Server thread/INFO]: Arrow Despawn Rate: 1200
[09:12:45] [Server thread/INFO]: Allow Zombie Pigmen to spawn from portal blocks: true
[09:12:45] [Server thread/INFO]: Experience Merge Radius: 3.0
[09:12:45] [Server thread/INFO]: Nerfing mobs spawned from spawners: false
[09:12:45] [Server thread/INFO]: Mob Spawn Range: 4
[09:12:45] [Server thread/INFO]: Entity Activation Range: An 32 / Mo 32 / Mi 16 / Tiv true
[09:12:45] [Server thread/INFO]: Hopper Transfer: 8 Hopper Check: 1 Hopper Amount: 1
[09:12:45] [Server thread/INFO]: Structure Info Saving: true
[09:12:45] [Server thread/INFO]: Tile Max Tick Time: 50ms Entity max Tick Time: 50ms
[09:12:45] [Server thread/INFO]: Entity Tracking Range: Pl 48 / An 48 / Mo 48 / Mi 32 / Other 64
[09:12:45] [Server thread/INFO]: Max TNT Explosions: 100
[09:12:45] [Server thread/INFO]: Random Lighting Updates: false
[09:12:45] [Server thread/INFO]: Cactus Growth Modifier: 100%
[09:12:45] [Server thread/INFO]: Cane Growth Modifier: 100%
[09:12:45] [Server thread/INFO]: Melon Growth Modifier: 100%
[09:12:45] [Server thread/INFO]: Mushroom Growth Modifier: 100%
[09:12:45] [Server thread/INFO]: Pumpkin Growth Modifier: 100%
[09:12:45] [Server thread/INFO]: Sapling Growth Modifier: 100%
[09:12:45] [Server thread/INFO]: Wheat Growth Modifier: 100%
[09:12:45] [Server thread/INFO]: NetherWart Growth Modifier: 100%
[09:12:45] [Server thread/INFO]: Vine Growth Modifier: 100%
[09:12:45] [Server thread/INFO]: Cocoa Growth Modifier: 100%
[09:12:45] [Server thread/INFO]: Zombie Aggressive Towards Villager: true
[09:12:45] [Server thread/INFO]: View Distance: 10
[09:12:45] [Server thread/INFO]: Custom Map Seeds:  Village: 10387312 Feature: 14357617 Monument: 10387313 Slime: 987234911
[09:12:45] [Server thread/INFO]: Preparing start region for level 0 (Seed: 3129037801561913956)
[09:12:46] [Server thread/INFO]: Preparing spawn area: 35%
[09:12:46] [Server thread/INFO]: Preparing start region for level 1 (Seed: 3129037801561913956)
[09:12:47] [Server thread/INFO]: Preparing start region for level 2 (Seed: 3129037801561913956)
[09:12:47] [Server thread/INFO]: [CoreProtect] Enabling CoreProtect v2.14.2
[09:12:48] [Server thread/INFO]: [CoreProtect] CoreProtect has been successfully enabled!
[09:12:48] [Server thread/INFO]: [CoreProtect] Using SQLite for data storage.
[09:12:48] [Server thread/INFO]: [PermissionsEx] Enabling PermissionsEx v1.23.4
[09:12:48] [Server thread/INFO]: [PermissionsEx] Initializing file backend
[09:12:48] [Server thread/INFO]: [PermissionsEx] Permissions file successfully reloaded
[09:12:48] [Server thread/INFO]: [WorldEdit] Enabling WorldEdit v6.1.8-SNAPSHOT;cd4729f
[09:12:49] [Server thread/INFO]: WEPIF: PermissionsEx detected! Using PermissionsEx for permissions.
[09:12:49] [Server thread/INFO]: [WorldEdit] Using com.sk89q.worldedit.bukkit.adapter.impl.Spigot_v1_12_R2 as the Bukkit adapter
[09:12:49] [Server thread/INFO]: [AdminUtils] Enabling AdminUtils v1.4
[09:12:49] [Server thread/INFO]: [0;33;1mThe plugin 'AdminUtils' by Throns has been enabled.[m
[09:12:49] [Server thread/INFO]: [Essentials] Enabling Essentials vTeamCity
[09:12:49] [Server thread/INFO]: Bukkit version format changed. Version not checked.
[09:12:49] [Server thread/INFO]: git-Spigot-2086bb0-8cc5a7e (MC: 1.12.2)
[09:12:49] [Server thread/INFO]: 1.12.2-R0.1-SNAPSHOT
[09:12:49] [Server thread/INFO]: Using locale en_US
[09:12:50] [Server thread/INFO]: Using locale en_US
[09:12:50] [Server thread/INFO]: Essentials: Using PermissionsEx based permissions.
[09:12:50] [Server thread/INFO]: [EssentialsChat] Enabling EssentialsChat vTeamCity
[09:12:50] [Server thread/INFO]: [Multiverse-Core] Enabling Multiverse-Core v2.5.0-b727
[09:12:50] [Server thread/INFO]: -------- World Settings For [TestBuild] --------
[09:12:50] [Server thread/INFO]: Item Despawn Rate: 6000
[09:12:50] [Server thread/INFO]: Item Merge Radius: 2.5
[09:12:50] [Server thread/INFO]: Arrow Despawn Rate: 1200
[09:12:50] [Server thread/INFO]: Allow Zombie Pigmen to spawn from portal blocks: true
[09:12:50] [Server thread/INFO]: Experience Merge Radius: 3.0
[09:12:50] [Server thread/INFO]: Nerfing mobs spawned from spawners: false
[09:12:50] [Server thread/INFO]: Mob Spawn Range: 4
[09:12:50] [Server thread/INFO]: Entity Activation Range: An 32 / Mo 32 / Mi 16 / Tiv true
[09:12:50] [Server thread/INFO]: Hopper Transfer: 8 Hopper Check: 1 Hopper Amount: 1
[09:12:50] [Server thread/INFO]: Structure Info Saving: true
[09:12:50] [Server thread/INFO]: Tile Max Tick Time: 50ms Entity max Tick Time: 50ms
[09:12:50] [Server thread/INFO]: Entity Tracking Range: Pl 48 / An 48 / Mo 48 / Mi 32 / Other 64
[09:12:50] [Server thread/INFO]: Max TNT Explosions: 100
[09:12:50] [Server thread/INFO]: Random Lighting Updates: false
[09:12:50] [Server thread/INFO]: Cactus Growth Modifier: 100%
[09:12:50] [Server thread/INFO]: Cane Growth Modifier: 100%
[09:12:50] [Server thread/INFO]: Melon Growth Modifier: 100%
[09:12:50] [Server thread/INFO]: Mushroom Growth Modifier: 100%
[09:12:50] [Server thread/INFO]: Pumpkin Growth Modifier: 100%
[09:12:50] [Server thread/INFO]: Sapling Growth Modifier: 100%
[09:12:50] [Server thread/INFO]: Wheat Growth Modifier: 100%
[09:12:50] [Server thread/INFO]: NetherWart Growth Modifier: 100%
[09:12:50] [Server thread/INFO]: Vine Growth Modifier: 100%
[09:12:50] [Server thread/INFO]: Cocoa Growth Modifier: 100%
[09:12:50] [Server thread/INFO]: Zombie Aggressive Towards Villager: true
[09:12:50] [Server thread/INFO]: View Distance: 10
[09:12:50] [Server thread/INFO]: Custom Map Seeds:  Village: 10387312 Feature: 14357617 Monument: 10387313 Slime: 987234911
[09:12:50] [Server thread/INFO]: Preparing start region for level 3 (Seed: -5236545352460960696)
[09:12:51] [Server thread/INFO]: [Multiverse-Core] 4 - World(s) loaded.
[09:12:51] [Server thread/INFO]: [Multiverse-Core] Version 2.5.0-b727 (API v20) Enabled - By Rigby, fernferret, lithium3141, main-- and dumptruckman
[09:12:51] [Server thread/INFO]: [WorldGuard] Enabling WorldGuard v6.2.1;84bc322
[09:12:51] [Server thread/INFO]: [WorldGuard] (world) TNT ignition is PERMITTED.
[09:12:51] [Server thread/INFO]: [WorldGuard] (world) Lighters are PERMITTED.
[09:12:51] [Server thread/INFO]: [WorldGuard] (world) Lava fire is blocked.
[09:12:51] [Server thread/INFO]: [WorldGuard] (world) Fire spread is UNRESTRICTED.
[09:12:51] [Server thread/INFO]: [WorldGuard] Loaded configuration for world 'world'
[09:12:51] [Server thread/INFO]: [WorldGuard] (world_nether) TNT ignition is PERMITTED.
[09:12:51] [Server thread/INFO]: [WorldGuard] (world_nether) Lighters are PERMITTED.
[09:12:51] [Server thread/INFO]: [WorldGuard] (world_nether) Lava fire is blocked.
[09:12:51] [Server thread/INFO]: [WorldGuard] (world_nether) Fire spread is UNRESTRICTED.
[09:12:51] [Server thread/INFO]: [WorldGuard] Loaded configuration for world 'world_nether'
[09:12:51] [Server thread/INFO]: [WorldGuard] (world_the_end) TNT ignition is PERMITTED.
[09:12:51] [Server thread/INFO]: [WorldGuard] (world_the_end) Lighters are PERMITTED.
[09:12:51] [Server thread/INFO]: [WorldGuard] (world_the_end) Lava fire is blocked.
[09:12:51] [Server thread/INFO]: [WorldGuard] (world_the_end) Fire spread is UNRESTRICTED.
[09:12:51] [Server thread/INFO]: [WorldGuard] Loaded configuration for world 'world_the_end'
[09:12:51] [Server thread/INFO]: [WorldGuard] (TestBuild) TNT ignition is PERMITTED.
[09:12:51] [Server thread/INFO]: [WorldGuard] (TestBuild) Lighters are PERMITTED.
[09:12:51] [Server thread/INFO]: [WorldGuard] (TestBuild) Lava fire is blocked.
[09:12:51] [Server thread/INFO]: [WorldGuard] (TestBuild) Fire spread is UNRESTRICTED.
[09:12:51] [Server thread/INFO]: [WorldGuard] Loaded configuration for world 'TestBuild'
[09:12:51] [Server thread/INFO]: [WorldGuard] Loading region data...
[09:12:51] [Server thread/INFO]: [DiscordSRV] Enabling DiscordSRV v1.16.1
[09:12:51] [Server thread/INFO]: [HolographicDisplays] Enabling HolographicDisplays v2.2.6
[09:12:51] [Server thread/INFO]: Server permissions file permissions.yml is empty, ignoring it
[09:12:52] [Server thread/INFO]: Done (7.590s)! For help, type "help" or "?"
[09:12:53] [DiscordSRV - Initialization/WARN]: [DiscordSRV] 

The current build of DiscordSRV is outdated by 25 commits! Get the latest build at your favorite distribution center.

Spigot: https://www.spigotmc.org/resources/discordsrv.18494/
Bukkit Dev: http://dev.bukkit.org/bukkit-plugins/discordsrv/
Source: https://github.com/Scarsz/DiscordSRV

[09:12:53] [DiscordSRV - Initialization/INFO]: [DiscordSRV] Language initialized as English
[09:12:53] [DiscordSRV - Initialization/INFO]: [DiscordSRV] Thank you so much to these people for allowing DiscordSRV to grow to what it is: Ac3dUd3, Androkai, anton8604, buildblox, Bysokar, CoreyD97, DeeKay, Diamondman121314/DMAN, FataL, Foxy, geekhideout, Helmic, KaizenWorlds, LDSG Ghost, Mick, mikedmd, mikedmd again, Mitecraft, PChard, Rui, Ryan (The Loyal One), Sicnus
[09:12:54] [DiscordSRV - Initialization/WARN]: [DiscordSRV - Initialization] INFO github.scarsz.discordsrv.dependencies.jda.core.JDA - Login Successful!
[09:12:54] [JDA MainWS-WriteThread/WARN]: [JDA MainWS-WriteThread] INFO github.scarsz.discordsrv.dependencies.jda.core.requests.WebSocketClient - Connected to WebSocket
[09:12:54] [JDA MainWS-ReadThread/WARN]: [JDA MainWS-ReadThread] INFO github.scarsz.discordsrv.dependencies.jda.core.JDA - Finished Loading!
[09:12:54] [DiscordSRV - Initialization/ERROR]: [DiscordSRV] The bot is not a part of any Discord servers. Follow the installation instructions
[13:02:43] [User Authenticator #1/INFO]: UUID of player thewighttiger is dffecd73-2a58-4495-89d5-43ee91467dc6
[13:02:44] [Server thread/INFO]: thewighttiger[/24.149.24.194:56944] logged in with entity id 193 at ([world]9949.878121207086, 123.69555062748807, 324.95904273427874)
[13:02:55] [Async Chat Thread - #0/INFO]: [[0;37;1mworld[0;37;1m][m[0;31;22mthewighttiger[m [0;37;22m[21m[m[0;37;22m wow[m
[13:02:57] [User Authenticator #2/INFO]: UUID of player WillWam2 is a1476bac-4eb6-4986-b31a-3076aacc2f54
[13:02:57] [Server thread/INFO]: WillWam2[/63.152.147.154:44226] logged in with entity id 267 at ([world]9969.936191755629, 124.0, 288.91524580714224)
[13:02:59] [Async Chat Thread - #0/INFO]: [[0;37;1mworld[0;37;1m][m[0;31;22mthewighttiger[m [0;37;22m[21m[m[0;37;22m it reallly did crash[m
[13:03:03] [Async Chat Thread - #0/INFO]: [[0;37;1mworld[0;37;1m][m[0;31;22mthewighttiger[m [0;37;22m[21m[m[0;37;22m woah[m
[13:03:07] [Async Chat Thread - #0/INFO]: [[0;37;1mworld[0;37;1m][m[0;31;22mWillWam2[m [0;37;22m[21m[m[0;37;22m ?[m
[13:03:11] [Async Chat Thread - #0/INFO]: [[0;37;1mworld[0;37;1m][m[0;31;22mthewighttiger[m [0;37;22m[21m[m[0;37;22m this was like a lot of work and then it stoped saving[m
[13:03:12] [Async Chat Thread - #0/INFO]: [[0;37;1mworld[0;37;1m][m[0;31;22mthewighttiger[m [0;37;22m[21m[m[0;37;22m lol[m
[13:03:15] [Async Chat Thread - #0/INFO]: [[0;37;1mworld[0;37;1m][m[0;31;22mWillWam2[m [0;37;22m[21m[m[0;37;22m lol[m
[13:03:19] [Async Chat Thread - #0/INFO]: [[0;37;1mworld[0;37;1m][m[0;31;22mthewighttiger[m [0;37;22m[21m[m[0;37;22m ther server didnt save the most recent work[m
[13:03:24] [Server thread/INFO]: thewighttiger issued server command: /gmc
[13:03:25] [Async Chat Thread - #0/INFO]: [[0;37;1mworld[0;37;1m][m[0;31;22mWillWam2[m [0;37;22m[21m[m[0;37;22m sorry[m
[13:03:32] [Async Chat Thread - #0/INFO]: [[0;37;1mworld[0;37;1m][m[0;31;22mWillWam2[m [0;37;22m[21m[m[0;37;22m I didnt create Git backupsyet[m
[13:03:42] [Async Chat Thread - #0/INFO]: [[0;37;1mworld[0;37;1m][m[0;31;22mWillWam2[m [0;37;22m[21m[m[0;37;22m ooh[m
[13:03:44] [Async Chat Thread - #0/INFO]: [[0;37;1mworld[0;37;1m][m[0;31;22mWillWam2[m [0;37;22m[21m[m[0;37;22m I get it tho[m
[13:03:51] [Async Chat Thread - #0/INFO]: [[0;37;1mworld[0;37;1m][m[0;31;22mWillWam2[m [0;37;22m[21m[m[0;37;22m I'll make pex ranks[m
[13:03:56] [Async Chat Thread - #0/INFO]: [[0;37;1mworld[0;37;1m][m[0;31;22mthewighttiger[m [0;37;22m[21m[m[0;37;22m mk[m
[13:04:16] [Server thread/INFO]: WillWam2 issued server command: /pex
[13:04:21] [Server thread/INFO]: WillWam2 issued server command: /pex group create
[13:04:25] [Server thread/INFO]: WillWam2 issued server command: /pex create
[13:04:33] [Server thread/INFO]: WillWam2 issued server command: /pex group add
[13:04:46] [Server thread/INFO]: WillWam2 issued server command: /pex group Owner add
[13:05:20] [Server thread/INFO]: WillWam2 issued server command: /pex group Owner add
[13:05:25] [Async Chat Thread - #1/INFO]: [[0;37;1mworld[0;37;1m][m[0;31;22mthewighttiger[m [0;37;22m[21m[m[0;37;22m also can u work on da ranks in disc[m
[13:05:56] [Server thread/INFO]: WillWam2 issued server command: /pex group Owner create
[13:06:09] [Server thread/INFO]: WillWam2 issued server command: /pex group Owner prefix &7Hello
[13:06:19] [Server thread/INFO]: WillWam2 issued server command: /pex user WillWam2 group add owner
[13:06:21] [Async Chat Thread - #1/INFO]: [[0;37;1mworld[0;37;1m][m[0;37;22mHello[0;31;22mWillWam2[m [0;37;22m[21m[m[0;37;22m hi[m
[13:06:24] [Async Chat Thread - #1/INFO]: [[0;37;1mworld[0;37;1m][m[0;31;22mthewighttiger[m [0;37;22m[21m[m[0;37;22m hai[m
[13:06:25] [Async Chat Thread - #1/INFO]: [[0;37;1mworld[0;37;1m][m[0;37;22mHello[0;31;22mWillWam2[m [0;37;22m[21m[m[0;37;22m Okicool[m
[13:06:30] [Async Chat Thread - #1/INFO]: [[0;37;1mworld[0;37;1m][m[0;37;22mHello[0;31;22mWillWam2[m [0;37;22m[21m[m[0;37;22m tis works for now[m
[13:06:54] [Server thread/INFO]: WillWam2 issued server command: /pex group Owner prefix &7[&r&aOwner&7]
[13:06:56] [Server thread/INFO]: thewighttiger issued server command: /weather clear
[13:06:57] [Server thread/INFO]: thewighttiger issued server command: /time set 0
[13:07:03] [Server thread/INFO]: WillWam2 issued server command: /pex user thewighttiger group add owner
[13:07:06] [Server thread/INFO]: WillWam2 issued server command: /afk thewighttiger
[13:07:12] [Async Chat Thread - #1/INFO]: [[0;37;1mworld[0;37;1m][m[0;37;22m[[m[0;32;1mOwner[0;37;22m][0;31;22mWillWam2[m [0;37;22m[21m[m[0;37;22m tis works[m
[13:07:23] [Async Chat Thread - #1/INFO]: [[0;37;1mworld[0;37;1m][m[0;37;22m[[m[0;32;1mOwner[0;37;22m][0;31;22mWillWam2[m [0;37;22m[21m[m[0;37;22m then need to add spaces and then perms[m
[13:07:29] [Async Chat Thread - #1/INFO]: [[0;37;1mworld[0;37;1m][m[0;37;22m[[m[0;32;1mOwner[0;37;22m][0;31;22mWillWam2[m [0;37;22m[21m[m[0;37;22m and then get rid of world prefix[m
[13:08:12] [Server thread/INFO]: WillWam2 issued server command: /mvm set hidden true
[13:08:13] [Async Chat Thread - #1/INFO]: [m[0;37;22m[[m[0;32;1mOwner[0;37;22m][0;31;22mWillWam2[m [0;37;22m[21m[m[0;37;22m t[m
[13:08:16] [Async Chat Thread - #1/INFO]: [m[0;37;22m[[m[0;32;1mOwner[0;37;22m][0;31;22mWillWam2[m [0;37;22m[21m[m[0;37;22m BOI[m
[13:08:18] [Async Chat Thread - #1/INFO]: [m[0;37;22m[[m[0;32;1mOwner[0;37;22m][0;31;22mWillWam2[m [0;37;22m[21m[m[0;37;22m it works[m
[13:08:24] [Async Chat Thread - #1/INFO]: [m[0;37;22m[[m[0;32;1mOwner[0;37;22m][0;31;22mthewighttiger[m [0;37;22m[21m[m[0;37;22m gg[m
[13:08:27] [Server thread/INFO]: WillWam2 issued server command: /mvtp testbuild
[13:08:31] [Async Chat Thread - #1/INFO]: [[0;37;1mTestBuild[0;37;1m][m[0;37;22m[[m[0;32;1mOwner[0;37;22m][0;31;22mWillWam2[m [0;37;22m[21m[m[0;37;22m t[m
[13:08:36] [Server thread/INFO]: WillWam2 issued server command: /mvm set hidden true
[13:08:38] [Async Chat Thread - #1/INFO]: [m[0;37;22m[[m[0;32;1mOwner[0;37;22m][0;31;22mthewighttiger[m [0;37;22m[21m[m[0;37;22m lol[m
[13:08:39] [Async Chat Thread - #1/INFO]: [m[0;37;22m[[m[0;32;1mOwner[0;37;22m][0;31;22mWillWam2[m [0;37;22m[21m[m[0;37;22m t[m
[13:08:41] [Async Chat Thread - #1/INFO]: [m[0;37;22m[[m[0;32;1mOwner[0;37;22m][0;31;22mWillWam2[m [0;37;22m[21m[m[0;37;22m dere[m
[13:08:45] [Async Chat Thread - #1/INFO]: [m[0;37;22m[[m[0;32;1mOwner[0;37;22m][0;31;22mthewighttiger[m [0;37;22m[21m[m[0;37;22m wait[m
[13:08:47] [Server thread/INFO]: WillWam2 issued server command: /mvtp world
[13:08:48] [Async Chat Thread - #1/INFO]: [m[0;37;22m[[m[0;32;1mOwner[0;37;22m][0;31;22mthewighttiger[m [0;37;22m[21m[m[0;37;22m oh nvm[m
[13:08:52] [Server thread/INFO]: WillWam2 issued server command: /mv delete testbuild
[13:08:56] [Server thread/INFO]: WillWam2 issued server command: /mvconfirm
[13:08:56] [Server thread/WARN]: [Multiverse-Core] Hmm Multiverse does not know about this world but it's loaded in memory.
[13:08:56] [Server thread/WARN]: [Multiverse-Core] To let Multiverse know about it, use:
[13:08:56] [Server thread/WARN]: [Multiverse-Core] /mv import testbuild NORMAL
[13:09:11] [Server thread/INFO]: WillWam2 issued server command: /mv remove
[13:09:21] [Server thread/INFO]: WillWam2 issued server command: /mv remove testbuild
[13:09:21] [Server thread/WARN]: [Multiverse-Core] Hmm Multiverse does not know about this world but it's loaded in memory.
[13:09:21] [Server thread/WARN]: [Multiverse-Core] To let Multiverse know about it, use:
[13:09:21] [Server thread/WARN]: [Multiverse-Core] /mv import testbuild NORMAL
[13:09:27] [Server thread/INFO]: WillWam2 issued server command: /mv remove testbuild
[13:09:27] [Server thread/WARN]: [Multiverse-Core] Hmm Multiverse does not know about this world but it's loaded in memory.
[13:09:27] [Server thread/WARN]: [Multiverse-Core] To let Multiverse know about it, use:
[13:09:27] [Server thread/WARN]: [Multiverse-Core] /mv import testbuild NORMAL
[13:09:27] [Server thread/INFO]: WillWam2 issued server command: /mv remove testbuild
[13:09:27] [Server thread/WARN]: [Multiverse-Core] Hmm Multiverse does not know about this world but it's loaded in memory.
[13:09:27] [Server thread/WARN]: [Multiverse-Core] To let Multiverse know about it, use:
[13:09:27] [Server thread/WARN]: [Multiverse-Core] /mv import testbuild NORMAL
[13:09:28] [Server thread/INFO]: WillWam2 issued server command: /mv remove testbuild
[13:09:28] [Server thread/WARN]: [Multiverse-Core] Hmm Multiverse does not know about this world but it's loaded in memory.
[13:09:28] [Server thread/WARN]: [Multiverse-Core] To let Multiverse know about it, use:
[13:09:28] [Server thread/WARN]: [Multiverse-Core] /mv import testbuild NORMAL
[13:10:45] [Server thread/INFO]: WillWam2 issued server command: /i stoneslab
[13:11:58] [Async Chat Thread - #2/INFO]: [m[0;37;22m[[m[0;32;1mOwner[0;37;22m][0;31;22mWillWam2[m [0;37;22m[21m[m[0;37;22m maybe make it less flat[m
[13:12:04] [Async Chat Thread - #2/INFO]: [m[0;37;22m[[m[0;32;1mOwner[0;37;22m][0;31;22mthewighttiger[m [0;37;22m[21m[m[0;37;22m just chill[m
[13:12:07] [Async Chat Thread - #2/INFO]: [m[0;37;22m[[m[0;32;1mOwner[0;37;22m][0;31;22mthewighttiger[m [0;37;22m[21m[m[0;37;22m im nowhere near finished[m
[13:12:11] [Async Chat Thread - #2/INFO]: [m[0;37;22m[[m[0;32;1mOwner[0;37;22m][0;31;22mWillWam2[m [0;37;22m[21m[m[0;37;22m i get it[m
[13:12:18] [Async Chat Thread - #2/INFO]: [m[0;37;22m[[m[0;32;1mOwner[0;37;22m][0;31;22mWillWam2[m [0;37;22m[21m[m[0;37;22m but your building has improved since[m
[13:12:20] [Async Chat Thread - #2/INFO]: [m[0;37;22m[[m[0;32;1mOwner[0;37;22m][0;31;22mWillWam2[m [0;37;22m[21m[m[0;37;22m ncie[m
[13:12:22] [Async Chat Thread - #2/INFO]: [m[0;37;22m[[m[0;32;1mOwner[0;37;22m][0;31;22mWillWam2[m [0;37;22m[21m[m[0;37;22m *nice[m
[13:12:23] [Async Chat Thread - #2/INFO]: [m[0;37;22m[[m[0;32;1mOwner[0;37;22m][0;31;22mthewighttiger[m [0;37;22m[21m[m[0;37;22m yeah[m
[13:12:26] [Async Chat Thread - #2/INFO]: [m[0;37;22m[[m[0;32;1mOwner[0;37;22m][0;31;22mthewighttiger[m [0;37;22m[21m[m[0;37;22m im working on it[m
[13:12:31] [Async Chat Thread - #2/INFO]: [m[0;37;22m[[m[0;32;1mOwner[0;37;22m][0;31;22mthewighttiger[m [0;37;22m[21m[m[0;37;22m its going to be alot bigger than this tho[m
[13:12:41] [Async Chat Thread - #2/INFO]: [m[0;37;22m[[m[0;32;1mOwner[0;37;22m][0;31;22mWillWam2[m [0;37;22m[21m[m[0;37;22m eh?[m
[13:12:42] [Async Chat Thread - #2/INFO]: [m[0;37;22m[[m[0;32;1mOwner[0;37;22m][0;31;22mthewighttiger[m [0;37;22m[21m[m[0;37;22m this that u see rn is like 1/4 of the whole size of this thang[m
[13:12:51] [Async Chat Thread - #2/INFO]: [m[0;37;22m[[m[0;32;1mOwner[0;37;22m][0;31;22mWillWam2[m [0;37;22m[21m[m[0;37;22m cools[m
[13:12:51] [Async Chat Thread - #2/INFO]: [m[0;37;22m[[m[0;32;1mOwner[0;37;22m][0;31;22mthewighttiger[m [0;37;22m[21m[m[0;37;22m thats why i wanted to work last night so much[m
[13:12:52] [Async Chat Thread - #2/INFO]: [m[0;37;22m[[m[0;32;1mOwner[0;37;22m][0;31;22mthewighttiger[m [0;37;22m[21m[m[0;37;22m lol[m
[13:12:55] [Async Chat Thread - #2/INFO]: [m[0;37;22m[[m[0;32;1mOwner[0;37;22m][0;31;22mWillWam2[m [0;37;22m[21m[m[0;37;22m lol[m
[13:12:59] [Async Chat Thread - #2/INFO]: [m[0;37;22m[[m[0;32;1mOwner[0;37;22m][0;31;22mWillWam2[m [0;37;22m[21m[m[0;37;22m I wanted to sleep[m
[13:13:27] [Async Chat Thread - #2/INFO]: [m[0;37;22m[[m[0;32;1mOwner[0;37;22m][0;31;22mWillWam2[m [0;37;22m[21m[m[0;37;22m This should be a facs server[m
[13:13:31] [Async Chat Thread - #2/INFO]: [m[0;37;22m[[m[0;32;1mOwner[0;37;22m][0;31;22mthewighttiger[m [0;37;22m[21m[m[0;37;22m yeah[m
[13:13:31] [Async Chat Thread - #2/INFO]: [m[0;37;22m[[m[0;32;1mOwner[0;37;22m][0;31;22mthewighttiger[m [0;37;22m[21m[m[0;37;22m ik[m
[13:13:37] [Async Chat Thread - #2/INFO]: [m[0;37;22m[[m[0;32;1mOwner[0;37;22m][0;31;22mthewighttiger[m [0;37;22m[21m[m[0;37;22m im making it so we can expand[m
[13:13:43] [Async Chat Thread - #2/INFO]: [m[0;37;22m[[m[0;32;1mOwner[0;37;22m][0;31;22mthewighttiger[m [0;37;22m[21m[m[0;37;22m rn i have it for 4 different things[m
[13:13:50] [Server thread/INFO]: WillWam2 issued server command: //
[13:13:53] [Async Chat Thread - #2/INFO]: [m[0;37;22m[[m[0;32;1mOwner[0;37;22m][0;31;22mthewighttiger[m [0;37;22m[21m[m[0;37;22m survival, facs, skyblock, minigames[m
[13:13:53] [Server thread/INFO]: WillWam2 issued server command: //
[13:14:04] [Async Chat Thread - #2/INFO]: [m[0;37;22m[[m[0;32;1mOwner[0;37;22m][0;31;22mWillWam2[m [0;37;22m[21m[m[0;37;22m lets not have survival[m
[13:14:08] [Async Chat Thread - #2/INFO]: [m[0;37;22m[[m[0;32;1mOwner[0;37;22m][0;31;22mthewighttiger[m [0;37;22m[21m[m[0;37;22m y not?[m
[13:14:19] [Async Chat Thread - #2/INFO]: [m[0;37;22m[[m[0;32;1mOwner[0;37;22m][0;31;22mthewighttiger[m [0;37;22m[21m[m[0;37;22m it is just one more attraction[m
[13:14:19] [Async Chat Thread - #2/INFO]: [m[0;37;22m[[m[0;32;1mOwner[0;37;22m][0;31;22mWillWam2[m [0;37;22m[21m[m[0;37;22m tjustcause its pretty much the same as facs and skyblock[m
[13:14:22] [Async Chat Thread - #2/INFO]: [m[0;37;22m[[m[0;32;1mOwner[0;37;22m][0;31;22mthewighttiger[m [0;37;22m[21m[m[0;37;22m and is really simple[m
[13:14:23] [Async Chat Thread - #2/INFO]: [m[0;37;22m[[m[0;32;1mOwner[0;37;22m][0;31;22mthewighttiger[m [0;37;22m[21m[m[0;37;22m lol[m
[13:14:27] [Async Chat Thread - #2/INFO]: [m[0;37;22m[[m[0;32;1mOwner[0;37;22m][0;31;22mWillWam2[m [0;37;22m[21m[m[0;37;22m and it's really a waste of disc space lol[m
[13:14:34] [Async Chat Thread - #2/INFO]: [m[0;37;22m[[m[0;32;1mOwner[0;37;22m][0;31;22mthewighttiger[m [0;37;22m[21m[m[0;37;22m ur right...[m
[13:14:38] [Async Chat Thread - #2/INFO]: [m[0;37;22m[[m[0;32;1mOwner[0;37;22m][0;31;22mthewighttiger[m [0;37;22m[21m[m[0;37;22m but we gotta put somethin ther[m
[13:14:51] [Async Chat Thread - #2/INFO]: [m[0;37;22m[[m[0;32;1mOwner[0;37;22m][0;31;22mWillWam2[m [0;37;22m[21m[m[0;37;22m ill tink abut it den[m
[13:14:57] [Async Chat Thread - #2/INFO]: [m[0;37;22m[[m[0;32;1mOwner[0;37;22m][0;31;22mthewighttiger[m [0;37;22m[21m[m[0;37;22m mk[m
[13:15:13] [Server thread/INFO]: WillWam2 issued server command: /pex group Mod create
[13:15:20] [Server thread/INFO]: WillWam2 issued server command: /pex group Builder create
[13:15:27] [Server thread/INFO]: WillWam2 issued server command: /pex group Manager create
[13:15:34] [Server thread/INFO]: WillWam2 issued server command: /pex group Operator create
[13:15:40] [Server thread/INFO]: WillWam2 issued server command: /pex group Trainee create
[13:15:42] [Async Chat Thread - #2/INFO]: [m[0;37;22m[[m[0;32;1mOwner[0;37;22m][0;31;22mthewighttiger[m [0;37;22m[21m[m[0;37;22m i have a job for u[m
[13:15:45] [Async Chat Thread - #2/INFO]: [m[0;37;22m[[m[0;32;1mOwner[0;37;22m][0;31;22mWillWam2[m [0;37;22m[21m[m[0;37;22m ?[m
[13:15:47] [Async Chat Thread - #2/INFO]: [m[0;37;22m[[m[0;32;1mOwner[0;37;22m][0;31;22mthewighttiger[m [0;37;22m[21m[m[0;37;22m these 4 massive circles[m
[13:15:52] [Async Chat Thread - #2/INFO]: [m[0;37;22m[[m[0;32;1mOwner[0;37;22m][0;31;22mthewighttiger[m [0;37;22m[21m[m[0;37;22m need to be filled in[m
[13:15:54] [Async Chat Thread - #2/INFO]: [m[0;37;22m[[m[0;32;1mOwner[0;37;22m][0;31;22mthewighttiger[m [0;37;22m[21m[m[0;37;22m but flat[m
[13:15:59] [Async Chat Thread - #2/INFO]: [m[0;37;22m[[m[0;32;1mOwner[0;37;22m][0;31;22mthewighttiger[m [0;37;22m[21m[m[0;37;22m people r gonna walk across them[m
[13:16:02] [Server thread/INFO]: WillWam2 issued server command: /pex group COwner create
[13:16:05] [Async Chat Thread - #2/INFO]: [m[0;37;22m[[m[0;32;1mOwner[0;37;22m][0;31;22mthewighttiger[m [0;37;22m[21m[m[0;37;22m like they need designs inside[m
[13:16:10] [Async Chat Thread - #2/INFO]: [m[0;37;22m[[m[0;32;1mOwner[0;37;22m][0;31;22mWillWam2[m [0;37;22m[21m[m[0;37;22m ?[m
[13:16:16] [Async Chat Thread - #2/INFO]: [m[0;37;22m[[m[0;32;1mOwner[0;37;22m][0;31;22mthewighttiger[m [0;37;22m[21m[m[0;37;22m probably corresponding with their color[m
[13:16:18] [Async Chat Thread - #2/INFO]: [m[0;37;22m[[m[0;32;1mOwner[0;37;22m][0;31;22mthewighttiger[m [0;37;22m[21m[m[0;37;22m no come over here[m
[13:16:23] [Async Chat Thread - #2/INFO]: [m[0;37;22m[[m[0;32;1mOwner[0;37;22m][0;31;22mthewighttiger[m [0;37;22m[21m[m[0;37;22m these ones[m
[13:16:30] [Async Chat Thread - #2/INFO]: [m[0;37;22m[[m[0;32;1mOwner[0;37;22m][0;31;22mthewighttiger[m [0;37;22m[21m[m[0;37;22m these circles[m
[13:17:02] [Server thread/INFO]: WillWam2 issued server command: //wand
[13:17:15] [Server thread/INFO]: WillWam2 issued server command: //set blackconcrete
[13:17:18] [Server thread/INFO]: WillWam2 issued server command: //set blackconcrete
[13:17:20] [Async Chat Thread - #2/INFO]: [m[0;37;22m[[m[0;32;1mOwner[0;37;22m][0;31;22mthewighttiger[m [0;37;22m[21m[m[0;37;22m um>[m
[13:17:21] [Server thread/INFO]: WillWam2 issued server command: //undo
[13:17:22] [Async Chat Thread - #2/INFO]: [m[0;37;22m[[m[0;32;1mOwner[0;37;22m][0;31;22mthewighttiger[m [0;37;22m[21m[m[0;37;22m um?[m
[13:17:24] [Server thread/INFO]: WillWam2 issued server command: //undo
[13:17:24] [Server thread/INFO]: WillWam2 issued server command: //undo
[13:17:25] [Server thread/INFO]: WillWam2 issued server command: //undo
[13:17:28] [Async Chat Thread - #2/INFO]: [m[0;37;22m[[m[0;32;1mOwner[0;37;22m][0;31;22mthewighttiger[m [0;37;22m[21m[m[0;37;22m yeah[m
[13:17:29] [Async Chat Thread - #2/INFO]: [m[0;37;22m[[m[0;32;1mOwner[0;37;22m][0;31;22mthewighttiger[m [0;37;22m[21m[m[0;37;22m ....[m
[13:17:35] [Async Chat Thread - #2/INFO]: [m[0;37;22m[[m[0;32;1mOwner[0;37;22m][0;31;22mthewighttiger[m [0;37;22m[21m[m[0;37;22m ok ima get back to work[m
[13:17:38] [Async Chat Thread - #2/INFO]: [m[0;37;22m[[m[0;32;1mOwner[0;37;22m][0;31;22mWillWam2[m [0;37;22m[21m[m[0;37;22m k[m
[13:17:40] [Server thread/INFO]: WillWam2 issued server command: /day
[13:17:45] [Server thread/INFO]: WillWam2 issued server command: /set concrete
[13:17:49] [Server thread/INFO]: WillWam2 issued server command: //set concrete
[13:18:06] [Server thread/INFO]: WillWam2 issued server command: //set concrete
[13:18:41] [Async Chat Thread - #3/INFO]: [m[0;37;22m[[m[0;32;1mOwner[0;37;22m][0;31;22mWillWam2[m [0;37;22m[21m[m[0;37;22m gtg do pex now[m
[13:18:43] [Async Chat Thread - #3/INFO]: [m[0;37;22m[[m[0;32;1mOwner[0;37;22m][0;31;22mthewighttiger[m [0;37;22m[21m[m[0;37;22m ok[m
[13:18:48] [Server thread/INFO]: WillWam2 issued server command: /clear
[13:18:56] [Async Chat Thread - #3/INFO]: [m[0;37;22m[[m[0;32;1mOwner[0;37;22m][0;31;22mthewighttiger[m [0;37;22m[21m[m[0;37;22m il do the circles[m
[13:18:57] [Async Chat Thread - #3/INFO]: [m[0;37;22m[[m[0;32;1mOwner[0;37;22m][0;31;22mWillWam2[m [0;37;22m[21m[m[0;37;22m and asana[m
[13:18:58] [Async Chat Thread - #3/INFO]: [m[0;37;22m[[m[0;32;1mOwner[0;37;22m][0;31;22mthewighttiger[m [0;37;22m[21m[m[0;37;22m i have an idea[m
[13:18:59] [Async Chat Thread - #3/INFO]: [m[0;37;22m[[m[0;32;1mOwner[0;37;22m][0;31;22mWillWam2[m [0;37;22m[21m[m[0;37;22m ?[m
[13:19:04] [Async Chat Thread - #3/INFO]: [m[0;37;22m[[m[0;32;1mOwner[0;37;22m][0;31;22mWillWam2[m [0;37;22m[21m[m[0;37;22m what is it[m
[13:19:17] [Async Chat Thread - #3/INFO]: [m[0;37;22m[[m[0;32;1mOwner[0;37;22m][0;31;22mthewighttiger[m [0;37;22m[21m[m[0;37;22m il just show u later[m
[13:19:30] [Async Chat Thread - #3/INFO]: [m[0;37;22m[[m[0;32;1mOwner[0;37;22m][0;31;22mthewighttiger[m [0;37;22m[21m[m[0;37;22m how bout u let me finish and then we can edit later[m
[13:21:32] [Async Chat Thread - #4/INFO]: [m[0;37;22m[[m[0;32;1mOwner[0;37;22m][0;31;22mWillWam2[m [0;37;22m[21m[m[0;37;22m k[m
[13:21:38] [Server thread/INFO]: WillWam2 lost connection: Disconnected
[13:21:38] [Server thread/INFO]: WillWam2 left the game
[13:21:42] [User Authenticator #3/INFO]: UUID of player WillWam2 is a1476bac-4eb6-4986-b31a-3076aacc2f54
[13:21:42] [Server thread/INFO]: WillWam2[/63.152.147.154:45634] logged in with entity id 12505 at ([world]10114.300000011921, 62.0, 311.80333773822224)
[13:21:48] [Server thread/INFO]: WillWam2 issued server command: /tp thewighttiger
[13:21:52] [Async Chat Thread - #4/INFO]: [m[0;37;22m[[m[0;32;1mOwner[0;37;22m][0;31;22mWillWam2[m [0;37;22m[21m[m[0;37;22m hows my skin[m
[13:21:57] [Async Chat Thread - #4/INFO]: [m[0;37;22m[[m[0;32;1mOwner[0;37;22m][0;31;22mthewighttiger[m [0;37;22m[21m[m[0;37;22m gg[m
[13:21:58] [Async Chat Thread - #4/INFO]: [m[0;37;22m[[m[0;32;1mOwner[0;37;22m][0;31;22mthewighttiger[m [0;37;22m[21m[m[0;37;22m lol[m
[13:22:01] [Async Chat Thread - #4/INFO]: [m[0;37;22m[[m[0;32;1mOwner[0;37;22m][0;31;22mWillWam2[m [0;37;22m[21m[m[0;37;22m lol[m
[13:22:02] [Async Chat Thread - #4/INFO]: [m[0;37;22m[[m[0;32;1mOwner[0;37;22m][0;31;22mthewighttiger[m [0;37;22m[21m[m[0;37;22m ok i guess[m
[13:22:05] [Async Chat Thread - #4/INFO]: [m[0;37;22m[[m[0;32;1mOwner[0;37;22m][0;31;22mWillWam2[m [0;37;22m[21m[m[0;37;22m "Fire and ice" pug[m
[13:22:08] [Async Chat Thread - #4/INFO]: [m[0;37;22m[[m[0;32;1mOwner[0;37;22m][0;31;22mthewighttiger[m [0;37;22m[21m[m[0;37;22m idk[m
[13:22:09] [Async Chat Thread - #4/INFO]: [m[0;37;22m[[m[0;32;1mOwner[0;37;22m][0;31;22mthewighttiger[m [0;37;22m[21m[m[0;37;22m ok[m
[13:23:14] [Async Chat Thread - #5/INFO]: [m[0;37;22m[[m[0;32;1mOwner[0;37;22m][0;31;22mthewighttiger[m [0;37;22m[21m[m[0;37;22m ther we go[m
[13:23:23] [Server thread/INFO]: WillWam2 issued server command: /v
[13:23:24] [Async Chat Thread - #5/INFO]: [m[0;37;22m[[m[0;32;1mOwner[0;37;22m][0;31;22mthewighttiger[m [0;37;22m[21m[m[0;37;22m got a symmetrical lantern design that looks prty kewl[m
[13:23:26] [Server thread/INFO]: WillWam2 issued server command: /tp thewighttiger
[13:23:29] [Async Chat Thread - #5/INFO]: [m[0;37;22m[[m[0;32;1mOwner[0;37;22m][0;31;22mWillWam2[m [0;37;22m[21m[m[0;37;22m ah[m
[13:23:31] [Async Chat Thread - #5/INFO]: [m[0;37;22m[[m[0;32;1mOwner[0;37;22m][0;31;22mWillWam2[m [0;37;22m[21m[m[0;37;22m I like[m
[13:23:32] [Server thread/INFO]: thewighttiger issued server command: //wand
[13:23:40] [Server thread/INFO]: WillWam2 issued server command: //pos1
[13:23:41] [Async Chat Thread - #5/INFO]: [m[0;37;22m[[m[0;32;1mOwner[0;37;22m][0;31;22mthewighttiger[m [0;37;22m[21m[m[0;37;22m it looks prty good dont it[m
[13:23:42] [Server thread/INFO]: WillWam2 issued server command: //pos2
[13:23:44] [Server thread/INFO]: WillWam2 issued server command: //set stoen
[13:23:47] [Async Chat Thread - #5/INFO]: [m[0;37;22m[[m[0;32;1mOwner[0;37;22m][0;31;22mthewighttiger[m [0;37;22m[21m[m[0;37;22m kinda FANCY[m
[13:23:51] [Server thread/INFO]: WillWam2 issued server command: //set cobble
[13:24:08] [Async Chat Thread - #5/INFO]: [m[0;37;22m[[m[0;32;1mOwner[0;37;22m][0;31;22mthewighttiger[m [0;37;22m[21m[m[0;37;22m worldediting it on all sides is gonna be a challenge[m
[13:24:11] [Async Chat Thread - #5/INFO]: [m[0;37;22m[[m[0;32;1mOwner[0;37;22m][0;31;22mthewighttiger[m [0;37;22m[21m[m[0;37;22m but i will try[m
[13:24:21] [Async Chat Thread - #5/INFO]: [m[0;37;22m[[m[0;32;1mOwner[0;37;22m][0;31;22mthewighttiger[m [0;37;22m[21m[m[0;37;22m NO WAY[m
[13:24:23] [Server thread/INFO]: WillWam2 issued server command: /nuke thewighttiger
[13:24:23] [Async Chat Thread - #5/INFO]: [m[0;37;22m[[m[0;32;1mOwner[0;37;22m][0;31;22mthewighttiger[m [0;37;22m[21m[m[0;37;22m nvm[m
[13:24:25] [Async Chat Thread - #5/INFO]: [m[0;37;22m[[m[0;32;1mOwner[0;37;22m][0;31;22mWillWam2[m [0;37;22m[21m[m[0;37;22m ?[m
[13:24:32] [Async Chat Thread - #5/INFO]: [m[0;37;22m[[m[0;32;1mOwner[0;37;22m][0;31;22mWillWam2[m [0;37;22m[21m[m[0;37;22m what[m
[13:24:36] [Server thread/INFO]: WillWam2 issued server command: /clear
[13:24:40] [Server thread/INFO]: WillWam2 issued server command: /cmdspy
[13:24:41] [Async Chat Thread - #5/INFO]: [m[0;37;22m[[m[0;32;1mOwner[0;37;22m][0;31;22mthewighttiger[m [0;37;22m[21m[m[0;37;22m just the perfect ness of how i made it[m
[13:24:43] [Server thread/INFO]: WillWam2 issued server command: /commandspy
[13:24:47] [Async Chat Thread - #5/INFO]: [m[0;37;22m[[m[0;32;1mOwner[0;37;22m][0;31;22mthewighttiger[m [0;37;22m[21m[m[0;37;22m of where it lines up[m
[13:24:54] [Async Chat Thread - #5/INFO]: [m[0;37;22m[[m[0;32;1mOwner[0;37;22m][0;31;22mWillWam2[m [0;37;22m[21m[m[0;37;22m gtg back to my house[m
[13:24:57] [Async Chat Thread - #5/INFO]: [m[0;37;22m[[m[0;32;1mOwner[0;37;22m][0;31;22mWillWam2[m [0;37;22m[21m[m[0;37;22m catch up later[m
[13:24:59] [Server thread/INFO]: WillWam2 lost connection: Disconnected
[13:24:59] [Server thread/INFO]: WillWam2 left the game
[13:25:16] [Server thread/INFO]: thewighttiger issued server command: //rotate 90
[13:25:19] [Server thread/INFO]: thewighttiger issued server command: //copy
[13:25:26] [Server thread/INFO]: thewighttiger issued server command: //copy
[13:25:30] [Server thread/INFO]: thewighttiger issued server command: //rotate 90
[13:25:34] [Server thread/INFO]: thewighttiger issued server command: //paste
[13:25:48] [Server thread/INFO]: thewighttiger issued server command: //rotate 90
[13:25:53] [Server thread/INFO]: thewighttiger issued server command: //paste
[13:25:56] [Server thread/INFO]: thewighttiger issued server command: //rotate 90
[13:26:02] [Server thread/INFO]: thewighttiger issued server command: //paste
[13:28:42] [Server thread/INFO]: thewighttiger issued server command: /time set0
[13:28:44] [Server thread/INFO]: thewighttiger issued server command: /time set 0
[13:29:31] [Server thread/INFO]: thewighttiger issued server command: /mobkill all
[13:41:24] [Server thread/INFO]: thewighttiger issued server command: /mobkill all
[13:41:26] [Server thread/INFO]: thewighttiger issued server command: /time set 0
[13:41:30] [Server thread/INFO]: thewighttiger issued server command: /mobkill all
[13:50:55] [Server thread/INFO]: CONSOLE issued server command: /bc coming on
[13:51:00] [Async Chat Thread - #6/INFO]: [m[0;37;22m[[m[0;32;1mOwner[0;37;22m][0;31;22mthewighttiger[m [0;37;22m[21m[m[0;37;22m okey[m
[13:52:08] [Async Chat Thread - #7/INFO]: [m[0;37;22m[[m[0;32;1mOwner[0;37;22m][0;31;22mthewighttiger[m [0;37;22m[21m[m[0;37;22m omg[m
[13:52:16] [Async Chat Thread - #7/INFO]: [m[0;37;22m[[m[0;32;1mOwner[0;37;22m][0;31;22mthewighttiger[m [0;37;22m[21m[m[0;37;22m almost every time i place a block i slightly lag outg[m
[13:52:17] [User Authenticator #4/INFO]: UUID of player WillWam2 is a1476bac-4eb6-4986-b31a-3076aacc2f54
[13:52:17] [Server thread/INFO]: WillWam2[/192.168.1.1:52767] logged in with entity id 21510 at ([world]10083.272317547988, 80.6561374499488, 403.8454616855836)
[13:52:20] [Async Chat Thread - #7/INFO]: [m[0;37;22m[[m[0;32;1mOwner[0;37;22m][0;31;22mthewighttiger[m [0;37;22m[21m[m[0;37;22m whats up with that[m
[13:52:22] [Async Chat Thread - #7/INFO]: [m[0;37;22m[[m[0;32;1mOwner[0;37;22m][0;31;22mWillWam2[m [0;37;22m[21m[m[0;37;22m rlly?[m
[13:52:24] [Async Chat Thread - #7/INFO]: [m[0;37;22m[[m[0;32;1mOwner[0;37;22m][0;31;22mthewighttiger[m [0;37;22m[21m[m[0;37;22m yeah[m
[13:52:29] [Async Chat Thread - #7/INFO]: [m[0;37;22m[[m[0;32;1mOwner[0;37;22m][0;31;22mWillWam2[m [0;37;22m[21m[m[0;37;22m no me[m
[13:52:29] [Async Chat Thread - #7/INFO]: [m[0;37;22m[[m[0;32;1mOwner[0;37;22m][0;31;22mthewighttiger[m [0;37;22m[21m[m[0;37;22m like i freeze for a sec[m
[13:52:34] [Async Chat Thread - #7/INFO]: [m[0;37;22m[[m[0;32;1mOwner[0;37;22m][0;31;22mWillWam2[m [0;37;22m[21m[m[0;37;22m relog[m
[13:52:37] [Server thread/INFO]: thewighttiger lost connection: Disconnected
[13:52:37] [Server thread/INFO]: thewighttiger left the game
[13:52:40] [User Authenticator #5/INFO]: UUID of player thewighttiger is dffecd73-2a58-4495-89d5-43ee91467dc6
[13:52:40] [Server thread/INFO]: thewighttiger[/24.149.24.194:57106] logged in with entity id 22138 at ([world]9930.108559527016, 124.08443119435941, 270.46503068779555)
[13:52:43] [Async Chat Thread - #7/INFO]: [m[0;37;22m[[m[0;32;1mOwner[0;37;22m][0;31;22mthewighttiger[m [0;37;22m[21m[m[0;37;22m ok[m
[13:52:46] [Async Chat Thread - #7/INFO]: [m[0;37;22m[[m[0;32;1mOwner[0;37;22m][0;31;22mthewighttiger[m [0;37;22m[21m[m[0;37;22m il try this now[m
[13:52:50] [Server thread/INFO]: thewighttiger issued server command: /gmc
[13:52:52] [Server thread/INFO]: WillWam2 issued server command: /tp thewighttiger
[13:52:56] [Async Chat Thread - #7/INFO]: [m[0;37;22m[[m[0;32;1mOwner[0;37;22m][0;31;22mthewighttiger[m [0;37;22m[21m[m[0;37;22m it works[m
[13:52:58] [Async Chat Thread - #7/INFO]: [m[0;37;22m[[m[0;32;1mOwner[0;37;22m][0;31;22mthewighttiger[m [0;37;22m[21m[m[0;37;22m thx[m
[13:52:58] [Async Chat Thread - #7/INFO]: [m[0;37;22m[[m[0;32;1mOwner[0;37;22m][0;31;22mWillWam2[m [0;37;22m[21m[m[0;37;22m kk[m
[13:53:03] [Async Chat Thread - #7/INFO]: [m[0;37;22m[[m[0;32;1mOwner[0;37;22m][0;31;22mWillWam2[m [0;37;22m[21m[m[0;37;22m making github backups now[m
[13:53:06] [Async Chat Thread - #7/INFO]: [m[0;37;22m[[m[0;32;1mOwner[0;37;22m][0;31;22mthewighttiger[m [0;37;22m[21m[m[0;37;22m mk[m
[13:53:16] [Server thread/INFO]: CONSOLE issued server command: /bc dont lag anything out yet
[13:53:23] [Async Chat Thread - #7/INFO]: [m[0;37;22m[[m[0;32;1mOwner[0;37;22m][0;31;22mthewighttiger[m [0;37;22m[21m[m[0;37;22m just building[m
[13:53:26] [Async Chat Thread - #7/INFO]: [m[0;37;22m[[m[0;32;1mOwner[0;37;22m][0;31;22mthewighttiger[m [0;37;22m[21m[m[0;37;22m not using world edit[m
[13:54:15] [Async Chat Thread - #7/INFO]: [m[0;37;22m[[m[0;32;1mOwner[0;37;22m][0;31;22mthewighttiger[m [0;37;22m[21m[m[0;37;22m its making progress[m
[13:54:52] [Server thread/INFO]: thewighttiger issued server command: /tp WillWam2
[13:55:39] [Server thread/INFO]: CONSOLE issued server command: /bc Click Here --> https://github.com/WillWammer/ElementalFiles Add to discord plz
[13:55:54] [Async Chat Thread - #8/INFO]: [m[0;37;22m[[m[0;32;1mOwner[0;37;22m][0;31;22mWillWam2[m [0;37;22m[21m[m[0;37;22m and asana[m
[13:56:02] [Async Chat Thread - #8/INFO]: [m[0;37;22m[[m[0;32;1mOwner[0;37;22m][0;31;22mthewighttiger[m [0;37;22m[21m[m[0;37;22m do i need to click[m
[13:56:06] [Server thread/INFO]: CONSOLE issued server command: /bc yea
[13:56:16] [Async Chat Thread - #8/INFO]: [m[0;37;22m[[m[0;32;1mOwner[0;37;22m][0;31;22mthewighttiger[m [0;37;22m[21m[m[0;37;22m and what u mean by add to disc[m
[13:56:26] [Server thread/INFO]: CONSOLE issued server command: /bc Like make a section and add the link dere
[13:56:32] [Async Chat Thread - #8/INFO]: [m[0;37;22m[[m[0;32;1mOwner[0;37;22m][0;31;22mthewighttiger[m [0;37;22m[21m[m[0;37;22m okey[m
[13:57:06] [Async Chat Thread - #8/INFO]: [m[0;37;22m[[m[0;32;1mOwner[0;37;22m][0;31;22mthewighttiger[m [0;37;22m[21m[m[0;37;22m but u havent set up ranks[m
[13:57:13] [Async Chat Thread - #8/INFO]: [m[0;37;22m[[m[0;32;1mOwner[0;37;22m][0;31;22mthewighttiger[m [0;37;22m[21m[m[0;37;22m wich means i cant do anything[m
[13:59:10] [Server thread/INFO]: thewighttiger issued server command: /time set 0
[13:59:13] [Server thread/INFO]: thewighttiger issued server command: /mobkill all
[14:02:08] [Async Chat Thread - #9/INFO]: [m[0;37;22m[[m[0;32;1mOwner[0;37;22m][0;31;22mWillWam2[m [0;37;22m[21m[m[0;37;22m back[m
[14:02:11] [Async Chat Thread - #9/INFO]: [m[0;37;22m[[m[0;32;1mOwner[0;37;22m][0;31;22mthewighttiger[m [0;37;22m[21m[m[0;37;22m mk[m
[14:02:15] [Async Chat Thread - #9/INFO]: [m[0;37;22m[[m[0;32;1mOwner[0;37;22m][0;31;22mWillWam2[m [0;37;22m[21m[m[0;37;22m I have setup ranks[m
[14:02:20] [Async Chat Thread - #9/INFO]: [m[0;37;22m[[m[0;32;1mOwner[0;37;22m][0;31;22mWillWam2[m [0;37;22m[21m[m[0;37;22m just not the prefixs[m
[14:02:21] [Async Chat Thread - #9/INFO]: [m[0;37;22m[[m[0;32;1mOwner[0;37;22m][0;31;22mthewighttiger[m [0;37;22m[21m[m[0;37;22m oh 0_0[m
[14:02:27] [Async Chat Thread - #9/INFO]: [m[0;37;22m[[m[0;32;1mOwner[0;37;22m][0;31;22mthewighttiger[m [0;37;22m[21m[m[0;37;22m how about the discord ones[m
[14:02:29] [Async Chat Thread - #9/INFO]: [m[0;37;22m[[m[0;32;1mOwner[0;37;22m][0;31;22mWillWam2[m [0;37;22m[21m[m[0;37;22m ./pex groups[m
[14:02:39] [Async Chat Thread - #9/INFO]: [m[0;37;22m[[m[0;32;1mOwner[0;37;22m][0;31;22mthewighttiger[m [0;37;22m[21m[m[0;37;22m bc i cant make channels or anything on the disc server yet[m
[14:02:42] [Server thread/INFO]: thewighttiger issued server command: /pex groups
[14:02:42] [Server thread/WARN]: [PermissionsEx] User thewighttiger tried to access chat command "pex groups", but doesn't have permission to do this.
[14:02:45] [Async Chat Thread - #9/INFO]: [m[0;37;22m[[m[0;32;1mOwner[0;37;22m][0;31;22mWillWam2[m [0;37;22m[21m[m[0;37;22m O[m
[14:02:51] [Async Chat Thread - #9/INFO]: [m[0;37;22m[[m[0;32;1mOwner[0;37;22m][0;31;22mthewighttiger[m [0;37;22m[21m[m[0;37;22m yeah i dont have perm to open /pex groups[m
[14:03:01] [Async Chat Thread - #9/INFO]: [m[0;37;22m[[m[0;32;1mOwner[0;37;22m][0;31;22mthewighttiger[m [0;37;22m[21m[m[0;37;22m and il brb gotta mow[m
[14:03:10] [Async Chat Thread - #9/INFO]: [m[0;37;22m[[m[0;32;1mOwner[0;37;22m][0;31;22mthewighttiger[m [0;37;22m[21m[m[0;37;22m then il go into hardcore design mode and finish up the spawn[m
[14:03:13] [Async Chat Thread - #9/INFO]: [m[0;37;22m[[m[0;32;1mOwner[0;37;22m][0;31;22mthewighttiger[m [0;37;22m[21m[m[0;37;22m well probably not finish[m
[14:03:15] [Async Chat Thread - #9/INFO]: [m[0;37;22m[[m[0;32;1mOwner[0;37;22m][0;31;22mthewighttiger[m [0;37;22m[21m[m[0;37;22m but work on it alot[m
[14:03:24] [Async Chat Thread - #9/INFO]: [m[0;37;22m[[m[0;32;1mOwner[0;37;22m][0;31;22mthewighttiger[m [0;37;22m[21m[m[0;37;22m and ik what the four other holes r for[m
[14:03:26] [Async Chat Thread - #9/INFO]: [m[0;37;22m[[m[0;32;1mOwner[0;37;22m][0;31;22mthewighttiger[m [0;37;22m[21m[m[0;37;22m i figured it out[m
[14:03:39] [Async Chat Thread - #9/INFO]: [m[0;37;22m[[m[0;32;1mOwner[0;37;22m][0;31;22mthewighttiger[m [0;37;22m[21m[m[0;37;22m they r gonna be end portals[m
[14:03:44] [Async Chat Thread - #9/INFO]: [m[0;37;22m[[m[0;32;1mOwner[0;37;22m][0;31;22mthewighttiger[m [0;37;22m[21m[m[0;37;22m that take u to different areas[m
[14:03:46] [Async Chat Thread - #9/INFO]: [m[0;37;22m[[m[0;32;1mOwner[0;37;22m][0;31;22mthewighttiger[m [0;37;22m[21m[m[0;37;22m like the shop[m
[14:03:50] [Async Chat Thread - #9/INFO]: [m[0;37;22m[[m[0;32;1mOwner[0;37;22m][0;31;22mthewighttiger[m [0;37;22m[21m[m[0;37;22m or to the prison / jail[m
[14:03:56] [Async Chat Thread - #9/INFO]: [m[0;37;22m[[m[0;32;1mOwner[0;37;22m][0;31;22mthewighttiger[m [0;37;22m[21m[m[0;37;22m or other areas[m
[14:04:02] [Async Chat Thread - #9/INFO]: [m[0;37;22m[[m[0;32;1mOwner[0;37;22m][0;31;22mthewighttiger[m [0;37;22m[21m[m[0;37;22m ok be back soon[m
[14:04:03] [Async Chat Thread - #9/INFO]: [m[0;37;22m[[m[0;32;1mOwner[0;37;22m][0;31;22mthewighttiger[m [0;37;22m[21m[m[0;37;22m bai[m
[14:04:04] [Server thread/INFO]: thewighttiger lost connection: Disconnected
[14:04:04] [Server thread/INFO]: thewighttiger left the game
